2024/11/13 13:47:56 [error] [exception.CHttpException.404] CHttpException: Unable to resolve the request "TransaksiTindakan/index". in C:\xampp\htdocs\klinik2\framework\web\CWebApplication.php:286
Stack trace:
#0 C:\xampp\htdocs\klinik2\framework\web\CWebApplication.php(141): CWebApplication->runController('TransaksiTindak...')
#1 C:\xampp\htdocs\klinik2\framework\base\CApplication.php(185): CWebApplication->processRequest()
#2 C:\xampp\htdocs\klinik2\kliniks2\index.php(13): CApplication->run()
#3 {main}
REQUEST_URI=/klinik2/kliniks2/index.php?r=TransaksiTindakan/index
HTTP_REFERER=http://localhost/klinik2/kliniks2/index.php?r=Obat/index
---
2024/11/13 13:48:05 [error] [exception.CHttpException.404] CHttpException: Unable to resolve the request "TransaksiTindakan/index". in C:\xampp\htdocs\klinik2\framework\web\CWebApplication.php:286
Stack trace:
#0 C:\xampp\htdocs\klinik2\framework\web\CWebApplication.php(141): CWebApplication->runController('TransaksiTindak...')
#1 C:\xampp\htdocs\klinik2\framework\base\CApplication.php(185): CWebApplication->processRequest()
#2 C:\xampp\htdocs\klinik2\kliniks2\index.php(13): CApplication->run()
#3 {main}
REQUEST_URI=/klinik2/kliniks2/index.php?r=TransaksiTindakan/index
HTTP_REFERER=http://localhost/klinik2/kliniks2/index.php?r=Obat/index
---
2024/11/13 13:48:08 [error] [exception.CHttpException.404] CHttpException: Unable to resolve the request "TransaksiTindakan/index". in C:\xampp\htdocs\klinik2\framework\web\CWebApplication.php:286
Stack trace:
#0 C:\xampp\htdocs\klinik2\framework\web\CWebApplication.php(141): CWebApplication->runController('TransaksiTindak...')
#1 C:\xampp\htdocs\klinik2\framework\base\CApplication.php(185): CWebApplication->processRequest()
#2 C:\xampp\htdocs\klinik2\kliniks2\index.php(13): CApplication->run()
#3 {main}
REQUEST_URI=/klinik2/kliniks2/index.php?r=TransaksiTindakan/index
HTTP_REFERER=http://localhost/klinik2/kliniks2/index.php?r=Obat/index
---
2024/11/13 13:54:02 [error] [system.db.CDbCommand] CDbCommand::execute() failed: SQLSTATE[23000]: Integrity constraint violation: 1452 Cannot add or update a child row: a foreign key constraint fails (`klinik2db`.`pegawai`, CONSTRAINT `pegawai_ibfk_1` FOREIGN KEY (`id_wilayah`) REFERENCES `wilayah` (`id`)). The SQL statement executed was: INSERT INTO `pegawai` (`nama`, `jabatan`, `id_wilayah`, `created_at`, `updated_at`) VALUES (:yp0, :yp1, :yp2, :yp3, :yp4).
in C:\xampp\htdocs\klinik2\kliniks2\protected\controllers\PegawaiController.php (73)
in C:\xampp\htdocs\klinik2\kliniks2\index.php (13)
2024/11/13 13:54:02 [error] [exception.CDbException] CDbException: CDbCommand failed to execute the SQL statement: SQLSTATE[23000]: Integrity constraint violation: 1452 Cannot add or update a child row: a foreign key constraint fails (`klinik2db`.`pegawai`, CONSTRAINT `pegawai_ibfk_1` FOREIGN KEY (`id_wilayah`) REFERENCES `wilayah` (`id`)). The SQL statement executed was: INSERT INTO `pegawai` (`nama`, `jabatan`, `id_wilayah`, `created_at`, `updated_at`) VALUES (:yp0, :yp1, :yp2, :yp3, :yp4) in C:\xampp\htdocs\klinik2\framework\db\CDbCommand.php:358
Stack trace:
#0 C:\xampp\htdocs\klinik2\framework\db\ar\CActiveRecord.php(1083): CDbCommand->execute()
#1 C:\xampp\htdocs\klinik2\framework\db\ar\CActiveRecord.php(811): CActiveRecord->insert(NULL)
#2 C:\xampp\htdocs\klinik2\kliniks2\protected\controllers\PegawaiController.php(73): CActiveRecord->save()
#3 C:\xampp\htdocs\klinik2\framework\web\actions\CInlineAction.php(49): PegawaiController->actionCreate()
#4 C:\xampp\htdocs\klinik2\framework\web\CController.php(308): CInlineAction->runWithParams(Array)
#5 C:\xampp\htdocs\klinik2\framework\web\filters\CFilterChain.php(134): CController->runAction(Object(CInlineAction))
#6 C:\xampp\htdocs\klinik2\framework\web\filters\CFilter.php(40): CFilterChain->run()
#7 C:\xampp\htdocs\klinik2\framework\web\CController.php(1148): CFilter->filter(Object(CFilterChain))
#8 C:\xampp\htdocs\klinik2\framework\web\filters\CInlineFilter.php(58): CController->filterAccessControl(Object(CFilterChain))
#9 C:\xampp\htdocs\klinik2\framework\web\filters\CFilterChain.php(131): CInlineFilter->filter(Object(CFilterChain))
#10 C:\xampp\htdocs\klinik2\framework\web\CController.php(291): CFilterChain->run()
#11 C:\xampp\htdocs\klinik2\framework\web\CController.php(265): CController->runActionWithFilters(Object(CInlineAction), Array)
#12 C:\xampp\htdocs\klinik2\framework\web\CWebApplication.php(282): CController->run('create')
#13 C:\xampp\htdocs\klinik2\framework\web\CWebApplication.php(141): CWebApplication->runController('pegawai/create')
#14 C:\xampp\htdocs\klinik2\framework\base\CApplication.php(185): CWebApplication->processRequest()
#15 C:\xampp\htdocs\klinik2\kliniks2\index.php(13): CApplication->run()
#16 {main}
REQUEST_URI=/klinik2/kliniks2/index.php?r=pegawai/create
HTTP_REFERER=http://localhost/klinik2/kliniks2/index.php?r=pegawai/create
---
2024/11/13 13:59:27 [error] [system.db.CDbCommand] CDbCommand::execute() failed: SQLSTATE[23000]: Integrity constraint violation: 1452 Cannot add or update a child row: a foreign key constraint fails (`klinik2db`.`transaksi_tindakan_obat`, CONSTRAINT `transaksi_tindakan_obat_ibfk_1` FOREIGN KEY (`id_pasien`) REFERENCES `pasien` (`id`)). The SQL statement executed was: INSERT INTO `transaksi_tindakan_obat` (`id_pasien`, `id_tindakan`, `id_obat`, `id_pegawai`, `tanggal_tindakan`) VALUES (:yp0, :yp1, :yp2, :yp3, :yp4).
in C:\xampp\htdocs\klinik2\kliniks2\protected\controllers\TransaksiTindakanObatController.php (73)
in C:\xampp\htdocs\klinik2\kliniks2\index.php (13)
2024/11/13 13:59:27 [error] [exception.CDbException] CDbException: CDbCommand failed to execute the SQL statement: SQLSTATE[23000]: Integrity constraint violation: 1452 Cannot add or update a child row: a foreign key constraint fails (`klinik2db`.`transaksi_tindakan_obat`, CONSTRAINT `transaksi_tindakan_obat_ibfk_1` FOREIGN KEY (`id_pasien`) REFERENCES `pasien` (`id`)). The SQL statement executed was: INSERT INTO `transaksi_tindakan_obat` (`id_pasien`, `id_tindakan`, `id_obat`, `id_pegawai`, `tanggal_tindakan`) VALUES (:yp0, :yp1, :yp2, :yp3, :yp4) in C:\xampp\htdocs\klinik2\framework\db\CDbCommand.php:358
Stack trace:
#0 C:\xampp\htdocs\klinik2\framework\db\ar\CActiveRecord.php(1083): CDbCommand->execute()
#1 C:\xampp\htdocs\klinik2\framework\db\ar\CActiveRecord.php(811): CActiveRecord->insert(NULL)
#2 C:\xampp\htdocs\klinik2\kliniks2\protected\controllers\TransaksiTindakanObatController.php(73): CActiveRecord->save()
#3 C:\xampp\htdocs\klinik2\framework\web\actions\CInlineAction.php(49): TransaksiTindakanObatController->actionCreate()
#4 C:\xampp\htdocs\klinik2\framework\web\CController.php(308): CInlineAction->runWithParams(Array)
#5 C:\xampp\htdocs\klinik2\framework\web\filters\CFilterChain.php(134): CController->runAction(Object(CInlineAction))
#6 C:\xampp\htdocs\klinik2\framework\web\filters\CFilter.php(40): CFilterChain->run()
#7 C:\xampp\htdocs\klinik2\framework\web\CController.php(1148): CFilter->filter(Object(CFilterChain))
#8 C:\xampp\htdocs\klinik2\framework\web\filters\CInlineFilter.php(58): CController->filterAccessControl(Object(CFilterChain))
#9 C:\xampp\htdocs\klinik2\framework\web\filters\CFilterChain.php(131): CInlineFilter->filter(Object(CFilterChain))
#10 C:\xampp\htdocs\klinik2\framework\web\CController.php(291): CFilterChain->run()
#11 C:\xampp\htdocs\klinik2\framework\web\CController.php(265): CController->runActionWithFilters(Object(CInlineAction), Array)
#12 C:\xampp\htdocs\klinik2\framework\web\CWebApplication.php(282): CController->run('create')
#13 C:\xampp\htdocs\klinik2\framework\web\CWebApplication.php(141): CWebApplication->runController('transaksiTindak...')
#14 C:\xampp\htdocs\klinik2\framework\base\CApplication.php(185): CWebApplication->processRequest()
#15 C:\xampp\htdocs\klinik2\kliniks2\index.php(13): CApplication->run()
#16 {main}
REQUEST_URI=/klinik2/kliniks2/index.php?r=transaksiTindakanObat/create
HTTP_REFERER=http://localhost/klinik2/kliniks2/index.php?r=transaksiTindakanObat/create
---
2024/11/13 14:12:53 [error] [system.db.CDbCommand] CDbCommand::execute() failed: SQLSTATE[23000]: Integrity constraint violation: 1452 Cannot add or update a child row: a foreign key constraint fails (`klinik2db`.`transaksi_tindakan_obat`, CONSTRAINT `transaksi_tindakan_obat_ibfk_4` FOREIGN KEY (`id_pegawai`) REFERENCES `pegawai` (`id`)). The SQL statement executed was: INSERT INTO `transaksi_tindakan_obat` (`id_pasien`, `id_tindakan`, `id_obat`, `id_pegawai`, `tanggal_tindakan`) VALUES (:yp0, :yp1, :yp2, :yp3, :yp4).
in C:\xampp\htdocs\klinik2\kliniks2\protected\controllers\TransaksiTindakanObatController.php (73)
in C:\xampp\htdocs\klinik2\kliniks2\index.php (13)
2024/11/13 14:12:53 [error] [exception.CDbException] CDbException: CDbCommand failed to execute the SQL statement: SQLSTATE[23000]: Integrity constraint violation: 1452 Cannot add or update a child row: a foreign key constraint fails (`klinik2db`.`transaksi_tindakan_obat`, CONSTRAINT `transaksi_tindakan_obat_ibfk_4` FOREIGN KEY (`id_pegawai`) REFERENCES `pegawai` (`id`)). The SQL statement executed was: INSERT INTO `transaksi_tindakan_obat` (`id_pasien`, `id_tindakan`, `id_obat`, `id_pegawai`, `tanggal_tindakan`) VALUES (:yp0, :yp1, :yp2, :yp3, :yp4) in C:\xampp\htdocs\klinik2\framework\db\CDbCommand.php:358
Stack trace:
#0 C:\xampp\htdocs\klinik2\framework\db\ar\CActiveRecord.php(1083): CDbCommand->execute()
#1 C:\xampp\htdocs\klinik2\framework\db\ar\CActiveRecord.php(811): CActiveRecord->insert(NULL)
#2 C:\xampp\htdocs\klinik2\kliniks2\protected\controllers\TransaksiTindakanObatController.php(73): CActiveRecord->save()
#3 C:\xampp\htdocs\klinik2\framework\web\actions\CInlineAction.php(49): TransaksiTindakanObatController->actionCreate()
#4 C:\xampp\htdocs\klinik2\framework\web\CController.php(308): CInlineAction->runWithParams(Array)
#5 C:\xampp\htdocs\klinik2\framework\web\filters\CFilterChain.php(134): CController->runAction(Object(CInlineAction))
#6 C:\xampp\htdocs\klinik2\framework\web\filters\CFilter.php(40): CFilterChain->run()
#7 C:\xampp\htdocs\klinik2\framework\web\CController.php(1148): CFilter->filter(Object(CFilterChain))
#8 C:\xampp\htdocs\klinik2\framework\web\filters\CInlineFilter.php(58): CController->filterAccessControl(Object(CFilterChain))
#9 C:\xampp\htdocs\klinik2\framework\web\filters\CFilterChain.php(131): CInlineFilter->filter(Object(CFilterChain))
#10 C:\xampp\htdocs\klinik2\framework\web\CController.php(291): CFilterChain->run()
#11 C:\xampp\htdocs\klinik2\framework\web\CController.php(265): CController->runActionWithFilters(Object(CInlineAction), Array)
#12 C:\xampp\htdocs\klinik2\framework\web\CWebApplication.php(282): CController->run('create')
#13 C:\xampp\htdocs\klinik2\framework\web\CWebApplication.php(141): CWebApplication->runController('transaksiTindak...')
#14 C:\xampp\htdocs\klinik2\framework\base\CApplication.php(185): CWebApplication->processRequest()
#15 C:\xampp\htdocs\klinik2\kliniks2\index.php(13): CApplication->run()
#16 {main}
REQUEST_URI=/klinik2/kliniks2/index.php?r=transaksiTindakanObat/create
HTTP_REFERER=http://localhost/klinik2/kliniks2/index.php?r=transaksiTindakanObat/create
---
2024/11/13 14:13:38 [error] [system.db.CDbCommand] CDbCommand::execute() failed: SQLSTATE[23000]: Integrity constraint violation: 1452 Cannot add or update a child row: a foreign key constraint fails (`klinik2db`.`transaksi_tindakan_obat`, CONSTRAINT `transaksi_tindakan_obat_ibfk_4` FOREIGN KEY (`id_pegawai`) REFERENCES `pegawai` (`id`)). The SQL statement executed was: INSERT INTO `transaksi_tindakan_obat` (`id_pasien`, `id_tindakan`, `id_obat`, `id_pegawai`, `tanggal_tindakan`) VALUES (:yp0, :yp1, :yp2, :yp3, :yp4).
in C:\xampp\htdocs\klinik2\kliniks2\protected\controllers\TransaksiTindakanObatController.php (73)
in C:\xampp\htdocs\klinik2\kliniks2\index.php (13)
2024/11/13 14:13:38 [error] [exception.CDbException] CDbException: CDbCommand failed to execute the SQL statement: SQLSTATE[23000]: Integrity constraint violation: 1452 Cannot add or update a child row: a foreign key constraint fails (`klinik2db`.`transaksi_tindakan_obat`, CONSTRAINT `transaksi_tindakan_obat_ibfk_4` FOREIGN KEY (`id_pegawai`) REFERENCES `pegawai` (`id`)). The SQL statement executed was: INSERT INTO `transaksi_tindakan_obat` (`id_pasien`, `id_tindakan`, `id_obat`, `id_pegawai`, `tanggal_tindakan`) VALUES (:yp0, :yp1, :yp2, :yp3, :yp4) in C:\xampp\htdocs\klinik2\framework\db\CDbCommand.php:358
Stack trace:
#0 C:\xampp\htdocs\klinik2\framework\db\ar\CActiveRecord.php(1083): CDbCommand->execute()
#1 C:\xampp\htdocs\klinik2\framework\db\ar\CActiveRecord.php(811): CActiveRecord->insert(NULL)
#2 C:\xampp\htdocs\klinik2\kliniks2\protected\controllers\TransaksiTindakanObatController.php(73): CActiveRecord->save()
#3 C:\xampp\htdocs\klinik2\framework\web\actions\CInlineAction.php(49): TransaksiTindakanObatController->actionCreate()
#4 C:\xampp\htdocs\klinik2\framework\web\CController.php(308): CInlineAction->runWithParams(Array)
#5 C:\xampp\htdocs\klinik2\framework\web\filters\CFilterChain.php(134): CController->runAction(Object(CInlineAction))
#6 C:\xampp\htdocs\klinik2\framework\web\filters\CFilter.php(40): CFilterChain->run()
#7 C:\xampp\htdocs\klinik2\framework\web\CController.php(1148): CFilter->filter(Object(CFilterChain))
#8 C:\xampp\htdocs\klinik2\framework\web\filters\CInlineFilter.php(58): CController->filterAccessControl(Object(CFilterChain))
#9 C:\xampp\htdocs\klinik2\framework\web\filters\CFilterChain.php(131): CInlineFilter->filter(Object(CFilterChain))
#10 C:\xampp\htdocs\klinik2\framework\web\CController.php(291): CFilterChain->run()
#11 C:\xampp\htdocs\klinik2\framework\web\CController.php(265): CController->runActionWithFilters(Object(CInlineAction), Array)
#12 C:\xampp\htdocs\klinik2\framework\web\CWebApplication.php(282): CController->run('create')
#13 C:\xampp\htdocs\klinik2\framework\web\CWebApplication.php(141): CWebApplication->runController('transaksiTindak...')
#14 C:\xampp\htdocs\klinik2\framework\base\CApplication.php(185): CWebApplication->processRequest()
#15 C:\xampp\htdocs\klinik2\kliniks2\index.php(13): CApplication->run()
#16 {main}
REQUEST_URI=/klinik2/kliniks2/index.php?r=transaksiTindakanObat/create
HTTP_REFERER=http://localhost/klinik2/kliniks2/index.php?r=transaksiTindakanObat/create
---
2024/11/13 14:16:18 [error] [system.db.CDbCommand] CDbCommand::execute() failed: SQLSTATE[23000]: Integrity constraint violation: 1452 Cannot add or update a child row: a foreign key constraint fails (`klinik2db`.`pembayaran_tagihan`, CONSTRAINT `pembayaran_tagihan_ibfk_2` FOREIGN KEY (`dibayar_oleh`) REFERENCES `pegawai` (`id`)). The SQL statement executed was: INSERT INTO `pembayaran_tagihan` (`id_pasien`, `jumlah`, `tanggal_pembayaran`, `dibayar_oleh`) VALUES (:yp0, :yp1, :yp2, :yp3).
in C:\xampp\htdocs\klinik2\kliniks2\protected\controllers\PembayaranTagihanController.php (73)
in C:\xampp\htdocs\klinik2\kliniks2\index.php (13)
2024/11/13 14:16:18 [error] [exception.CDbException] CDbException: CDbCommand failed to execute the SQL statement: SQLSTATE[23000]: Integrity constraint violation: 1452 Cannot add or update a child row: a foreign key constraint fails (`klinik2db`.`pembayaran_tagihan`, CONSTRAINT `pembayaran_tagihan_ibfk_2` FOREIGN KEY (`dibayar_oleh`) REFERENCES `pegawai` (`id`)). The SQL statement executed was: INSERT INTO `pembayaran_tagihan` (`id_pasien`, `jumlah`, `tanggal_pembayaran`, `dibayar_oleh`) VALUES (:yp0, :yp1, :yp2, :yp3) in C:\xampp\htdocs\klinik2\framework\db\CDbCommand.php:358
Stack trace:
#0 C:\xampp\htdocs\klinik2\framework\db\ar\CActiveRecord.php(1083): CDbCommand->execute()
#1 C:\xampp\htdocs\klinik2\framework\db\ar\CActiveRecord.php(811): CActiveRecord->insert(NULL)
#2 C:\xampp\htdocs\klinik2\kliniks2\protected\controllers\PembayaranTagihanController.php(73): CActiveRecord->save()
#3 C:\xampp\htdocs\klinik2\framework\web\actions\CInlineAction.php(49): PembayaranTagihanController->actionCreate()
#4 C:\xampp\htdocs\klinik2\framework\web\CController.php(308): CInlineAction->runWithParams(Array)
#5 C:\xampp\htdocs\klinik2\framework\web\filters\CFilterChain.php(134): CController->runAction(Object(CInlineAction))
#6 C:\xampp\htdocs\klinik2\framework\web\filters\CFilter.php(40): CFilterChain->run()
#7 C:\xampp\htdocs\klinik2\framework\web\CController.php(1148): CFilter->filter(Object(CFilterChain))
#8 C:\xampp\htdocs\klinik2\framework\web\filters\CInlineFilter.php(58): CController->filterAccessControl(Object(CFilterChain))
#9 C:\xampp\htdocs\klinik2\framework\web\filters\CFilterChain.php(131): CInlineFilter->filter(Object(CFilterChain))
#10 C:\xampp\htdocs\klinik2\framework\web\CController.php(291): CFilterChain->run()
#11 C:\xampp\htdocs\klinik2\framework\web\CController.php(265): CController->runActionWithFilters(Object(CInlineAction), Array)
#12 C:\xampp\htdocs\klinik2\framework\web\CWebApplication.php(282): CController->run('create')
#13 C:\xampp\htdocs\klinik2\framework\web\CWebApplication.php(141): CWebApplication->runController('pembayaranTagih...')
#14 C:\xampp\htdocs\klinik2\framework\base\CApplication.php(185): CWebApplication->processRequest()
#15 C:\xampp\htdocs\klinik2\kliniks2\index.php(13): CApplication->run()
#16 {main}
REQUEST_URI=/klinik2/kliniks2/index.php?r=pembayaranTagihan/create
HTTP_REFERER=http://localhost/klinik2/kliniks2/index.php?r=pembayaranTagihan/create
---
